c:\users\user\desktop\git repos\ink-in-my-junk\folder to submit\2018s2_sp2_team11\source\solution\opengl1\debug\vc141.pdb
c:\users\user\desktop\git repos\ink-in-my-junk\folder to submit\2018s2_sp2_team11\source\solution\opengl1\debug\vc141.idb
c:\users\user\desktop\git repos\ink-in-my-junk\folder to submit\2018s2_sp2_team11\source\solution\opengl1\debug\loadobj.obj
c:\users\user\desktop\git repos\ink-in-my-junk\folder to submit\2018s2_sp2_team11\source\solution\opengl1\debug\light.obj
c:\users\user\desktop\git repos\ink-in-my-junk\folder to submit\2018s2_sp2_team11\source\solution\opengl1\debug\gridchunk.obj
c:\users\user\desktop\git repos\ink-in-my-junk\folder to submit\2018s2_sp2_team11\source\solution\opengl1\debug\grid.obj
c:\users\user\desktop\git repos\ink-in-my-junk\folder to submit\2018s2_sp2_team11\source\solution\opengl1\debug\gameobject.obj
c:\users\user\desktop\git repos\ink-in-my-junk\folder to submit\2018s2_sp2_team11\source\solution\opengl1\debug\freecam.obj
c:\users\user\desktop\git repos\ink-in-my-junk\folder to submit\2018s2_sp2_team11\source\solution\opengl1\debug\fixedcam.obj
c:\users\user\desktop\git repos\ink-in-my-junk\folder to submit\2018s2_sp2_team11\source\solution\opengl1\debug\cursor.obj
c:\users\user\desktop\git repos\ink-in-my-junk\folder to submit\2018s2_sp2_team11\source\solution\opengl1\debug\collisionhandler.obj
c:\users\user\desktop\git repos\ink-in-my-junk\folder to submit\2018s2_sp2_team11\source\solution\opengl1\debug\collider.obj
c:\users\user\desktop\git repos\ink-in-my-junk\folder to submit\2018s2_sp2_team11\source\solution\opengl1\debug\collidable.obj
c:\users\user\desktop\git repos\ink-in-my-junk\folder to submit\2018s2_sp2_team11\source\solution\opengl1\debug\collectiblesprayboost.obj
c:\users\user\desktop\git repos\ink-in-my-junk\folder to submit\2018s2_sp2_team11\source\solution\opengl1\debug\collectibles.obj
c:\users\user\desktop\git repos\ink-in-my-junk\folder to submit\2018s2_sp2_team11\source\solution\opengl1\debug\collectibleparticleeffect.obj
c:\users\user\desktop\git repos\ink-in-my-junk\folder to submit\2018s2_sp2_team11\source\solution\opengl1\debug\car.obj
c:\users\user\desktop\git repos\ink-in-my-junk\folder to submit\2018s2_sp2_team11\source\solution\opengl1\debug\camera.obj
c:\users\user\desktop\git repos\ink-in-my-junk\folder to submit\2018s2_sp2_team11\source\solution\opengl1\debug\button.obj
c:\users\user\desktop\git repos\ink-in-my-junk\folder to submit\2018s2_sp2_team11\source\solution\opengl1\debug\buildmap.obj
c:\users\user\desktop\git repos\ink-in-my-junk\folder to submit\2018s2_sp2_team11\source\solution\opengl1\debug\application.obj
c:\users\user\desktop\git repos\ink-in-my-junk\folder to submit\2018s2_sp2_team11\source\solution\opengl1\debug\ai.obj
c:\users\user\desktop\git repos\ink-in-my-junk\folder to submit\2018s2_sp2_team11\source\solution\opengl1\debug\shader.obj
c:\users\user\desktop\git repos\ink-in-my-junk\folder to submit\2018s2_sp2_team11\source\solution\opengl1\debug\scenestart.obj
c:\users\user\desktop\git repos\ink-in-my-junk\folder to submit\2018s2_sp2_team11\source\solution\opengl1\debug\sceneresult.obj
c:\users\user\desktop\git repos\ink-in-my-junk\folder to submit\2018s2_sp2_team11\source\solution\opengl1\debug\scenemanager.obj
c:\users\user\desktop\git repos\ink-in-my-junk\folder to submit\2018s2_sp2_team11\source\solution\opengl1\debug\scenelevelselect.obj
c:\users\user\desktop\git repos\ink-in-my-junk\folder to submit\2018s2_sp2_team11\source\solution\opengl1\debug\scenehoodink.obj
c:\users\user\desktop\git repos\ink-in-my-junk\folder to submit\2018s2_sp2_team11\source\solution\opengl1\debug\scenegame.obj
c:\users\user\desktop\git repos\ink-in-my-junk\folder to submit\2018s2_sp2_team11\source\solution\opengl1\debug\sceneexample.obj
c:\users\user\desktop\git repos\ink-in-my-junk\folder to submit\2018s2_sp2_team11\source\solution\opengl1\debug\sceneempty.obj
c:\users\user\desktop\git repos\ink-in-my-junk\folder to submit\2018s2_sp2_team11\source\solution\opengl1\debug\scenegarage.obj
c:\users\user\desktop\git repos\ink-in-my-junk\folder to submit\2018s2_sp2_team11\source\solution\opengl1\debug\scene.obj
c:\users\user\desktop\git repos\ink-in-my-junk\folder to submit\2018s2_sp2_team11\source\solution\opengl1\debug\rigidbody.obj
c:\users\user\desktop\git repos\ink-in-my-junk\folder to submit\2018s2_sp2_team11\source\solution\opengl1\debug\gridcell.obj
c:\users\user\desktop\git repos\ink-in-my-junk\folder to submit\2018s2_sp2_team11\source\solution\opengl1\debug\paintable.obj
c:\users\user\desktop\git repos\ink-in-my-junk\folder to submit\2018s2_sp2_team11\source\solution\opengl1\debug\paint.obj
c:\users\user\desktop\git repos\ink-in-my-junk\folder to submit\2018s2_sp2_team11\source\solution\opengl1\debug\meshbuilder.obj
c:\users\user\desktop\git repos\ink-in-my-junk\folder to submit\2018s2_sp2_team11\source\solution\opengl1\debug\mesh.obj
c:\users\user\desktop\git repos\ink-in-my-junk\folder to submit\2018s2_sp2_team11\source\solution\opengl1\debug\main.obj
c:\users\user\desktop\git repos\ink-in-my-junk\folder to submit\2018s2_sp2_team11\source\solution\opengl1\debug\loadtga.obj
c:\users\user\desktop\git repos\ink-in-my-junk\folder to submit\2018s2_sp2_team11\source\solution\opengl1\debug\loadscenebutton.obj
c:\users\user\desktop\git repos\ink-in-my-junk\folder to submit\2018s2_sp2_team11\source\solution\opengl1\debug\wheel.obj
c:\users\user\desktop\git repos\ink-in-my-junk\folder to submit\2018s2_sp2_team11\source\solution\opengl1\debug\vehicle.obj
c:\users\user\desktop\git repos\ink-in-my-junk\folder to submit\2018s2_sp2_team11\source\solution\opengl1\debug\utility.obj
c:\users\user\desktop\git repos\ink-in-my-junk\folder to submit\2018s2_sp2_team11\source\solution\opengl1\debug\collectiblespeedboost.obj
c:\users\user\desktop\git repos\ink-in-my-junk\folder to submit\2018s2_sp2_team11\source\solution\debug\studioproject2.ilk
c:\users\user\desktop\git repos\ink-in-my-junk\folder to submit\2018s2_sp2_team11\source\solution\debug\studioproject2.exe
c:\users\user\desktop\git repos\ink-in-my-junk\folder to submit\2018s2_sp2_team11\source\solution\debug\studioproject2.pdb
c:\users\user\desktop\git repos\ink-in-my-junk\folder to submit\2018s2_sp2_team11\source\solution\opengl1\debug\studioproject2.tlog\cl.command.1.tlog
c:\users\user\desktop\git repos\ink-in-my-junk\folder to submit\2018s2_sp2_team11\source\solution\opengl1\debug\studioproject2.tlog\cl.read.1.tlog
c:\users\user\desktop\git repos\ink-in-my-junk\folder to submit\2018s2_sp2_team11\source\solution\opengl1\debug\studioproject2.tlog\cl.write.1.tlog
c:\users\user\desktop\git repos\ink-in-my-junk\folder to submit\2018s2_sp2_team11\source\solution\opengl1\debug\studioproject2.tlog\link.command.1.tlog
c:\users\user\desktop\git repos\ink-in-my-junk\folder to submit\2018s2_sp2_team11\source\solution\opengl1\debug\studioproject2.tlog\link.read.1.tlog
c:\users\user\desktop\git repos\ink-in-my-junk\folder to submit\2018s2_sp2_team11\source\solution\opengl1\debug\studioproject2.tlog\link.write.1.tlog
