c:\users\user\desktop\git repos\ink-in-my-junk\folder to submit\2018s2_sp2_team11\source\solution\opengl1\release\vc141.pdb
c:\users\user\desktop\git repos\ink-in-my-junk\folder to submit\2018s2_sp2_team11\source\solution\opengl1\release\vc141.idb
c:\users\user\desktop\git repos\ink-in-my-junk\folder to submit\2018s2_sp2_team11\source\solution\opengl1\release\loadobj.obj
c:\users\user\desktop\git repos\ink-in-my-junk\folder to submit\2018s2_sp2_team11\source\solution\opengl1\release\light.obj
c:\users\user\desktop\git repos\ink-in-my-junk\folder to submit\2018s2_sp2_team11\source\solution\opengl1\release\gridchunk.obj
c:\users\user\desktop\git repos\ink-in-my-junk\folder to submit\2018s2_sp2_team11\source\solution\opengl1\release\grid.obj
c:\users\user\desktop\git repos\ink-in-my-junk\folder to submit\2018s2_sp2_team11\source\solution\opengl1\release\gameobject.obj
c:\users\user\desktop\git repos\ink-in-my-junk\folder to submit\2018s2_sp2_team11\source\solution\opengl1\release\freecam.obj
c:\users\user\desktop\git repos\ink-in-my-junk\folder to submit\2018s2_sp2_team11\source\solution\opengl1\release\fixedcam.obj
c:\users\user\desktop\git repos\ink-in-my-junk\folder to submit\2018s2_sp2_team11\source\solution\opengl1\release\cursor.obj
c:\users\user\desktop\git repos\ink-in-my-junk\folder to submit\2018s2_sp2_team11\source\solution\opengl1\release\collisionhandler.obj
c:\users\user\desktop\git repos\ink-in-my-junk\folder to submit\2018s2_sp2_team11\source\solution\opengl1\release\collider.obj
c:\users\user\desktop\git repos\ink-in-my-junk\folder to submit\2018s2_sp2_team11\source\solution\opengl1\release\collidable.obj
c:\users\user\desktop\git repos\ink-in-my-junk\folder to submit\2018s2_sp2_team11\source\solution\opengl1\release\collectiblesprayboost.obj
c:\users\user\desktop\git repos\ink-in-my-junk\folder to submit\2018s2_sp2_team11\source\solution\opengl1\release\collectibles.obj
c:\users\user\desktop\git repos\ink-in-my-junk\folder to submit\2018s2_sp2_team11\source\solution\opengl1\release\collectibleparticleeffect.obj
c:\users\user\desktop\git repos\ink-in-my-junk\folder to submit\2018s2_sp2_team11\source\solution\opengl1\release\car.obj
c:\users\user\desktop\git repos\ink-in-my-junk\folder to submit\2018s2_sp2_team11\source\solution\opengl1\release\camera.obj
c:\users\user\desktop\git repos\ink-in-my-junk\folder to submit\2018s2_sp2_team11\source\solution\opengl1\release\button.obj
c:\users\user\desktop\git repos\ink-in-my-junk\folder to submit\2018s2_sp2_team11\source\solution\opengl1\release\buildmap.obj
c:\users\user\desktop\git repos\ink-in-my-junk\folder to submit\2018s2_sp2_team11\source\solution\opengl1\release\application.obj
c:\users\user\desktop\git repos\ink-in-my-junk\folder to submit\2018s2_sp2_team11\source\solution\opengl1\release\ai.obj
c:\users\user\desktop\git repos\ink-in-my-junk\folder to submit\2018s2_sp2_team11\source\solution\opengl1\release\shader.obj
c:\users\user\desktop\git repos\ink-in-my-junk\folder to submit\2018s2_sp2_team11\source\solution\opengl1\release\scenestart.obj
c:\users\user\desktop\git repos\ink-in-my-junk\folder to submit\2018s2_sp2_team11\source\solution\opengl1\release\sceneresult.obj
c:\users\user\desktop\git repos\ink-in-my-junk\folder to submit\2018s2_sp2_team11\source\solution\opengl1\release\scenemanager.obj
c:\users\user\desktop\git repos\ink-in-my-junk\folder to submit\2018s2_sp2_team11\source\solution\opengl1\release\scenelevelselect.obj
c:\users\user\desktop\git repos\ink-in-my-junk\folder to submit\2018s2_sp2_team11\source\solution\opengl1\release\scenehoodink.obj
c:\users\user\desktop\git repos\ink-in-my-junk\folder to submit\2018s2_sp2_team11\source\solution\opengl1\release\scenegame.obj
c:\users\user\desktop\git repos\ink-in-my-junk\folder to submit\2018s2_sp2_team11\source\solution\opengl1\release\sceneexample.obj
c:\users\user\desktop\git repos\ink-in-my-junk\folder to submit\2018s2_sp2_team11\source\solution\opengl1\release\sceneempty.obj
c:\users\user\desktop\git repos\ink-in-my-junk\folder to submit\2018s2_sp2_team11\source\solution\opengl1\release\scenegarage.obj
c:\users\user\desktop\git repos\ink-in-my-junk\folder to submit\2018s2_sp2_team11\source\solution\opengl1\release\scene.obj
c:\users\user\desktop\git repos\ink-in-my-junk\folder to submit\2018s2_sp2_team11\source\solution\opengl1\release\rigidbody.obj
c:\users\user\desktop\git repos\ink-in-my-junk\folder to submit\2018s2_sp2_team11\source\solution\opengl1\release\gridcell.obj
c:\users\user\desktop\git repos\ink-in-my-junk\folder to submit\2018s2_sp2_team11\source\solution\opengl1\release\paintable.obj
c:\users\user\desktop\git repos\ink-in-my-junk\folder to submit\2018s2_sp2_team11\source\solution\opengl1\release\paint.obj
c:\users\user\desktop\git repos\ink-in-my-junk\folder to submit\2018s2_sp2_team11\source\solution\opengl1\release\meshbuilder.obj
c:\users\user\desktop\git repos\ink-in-my-junk\folder to submit\2018s2_sp2_team11\source\solution\opengl1\release\mesh.obj
c:\users\user\desktop\git repos\ink-in-my-junk\folder to submit\2018s2_sp2_team11\source\solution\opengl1\release\main.obj
c:\users\user\desktop\git repos\ink-in-my-junk\folder to submit\2018s2_sp2_team11\source\solution\opengl1\release\loadtga.obj
c:\users\user\desktop\git repos\ink-in-my-junk\folder to submit\2018s2_sp2_team11\source\solution\opengl1\release\loadscenebutton.obj
c:\users\user\desktop\git repos\ink-in-my-junk\folder to submit\2018s2_sp2_team11\source\solution\opengl1\release\wheel.obj
c:\users\user\desktop\git repos\ink-in-my-junk\folder to submit\2018s2_sp2_team11\source\solution\opengl1\release\vehicle.obj
c:\users\user\desktop\git repos\ink-in-my-junk\folder to submit\2018s2_sp2_team11\source\solution\opengl1\release\utility.obj
c:\users\user\desktop\git repos\ink-in-my-junk\folder to submit\2018s2_sp2_team11\source\solution\opengl1\release\collectiblespeedboost.obj
c:\users\user\desktop\git repos\ink-in-my-junk\folder to submit\2018s2_sp2_team11\source\solution\release\studioproject2.exe
c:\users\user\desktop\git repos\ink-in-my-junk\folder to submit\2018s2_sp2_team11\source\solution\release\studioproject2.pdb
c:\users\user\desktop\git repos\ink-in-my-junk\folder to submit\2018s2_sp2_team11\source\solution\opengl1\release\studioproject2.tlog\cl.command.1.tlog
c:\users\user\desktop\git repos\ink-in-my-junk\folder to submit\2018s2_sp2_team11\source\solution\opengl1\release\studioproject2.tlog\cl.read.1.tlog
c:\users\user\desktop\git repos\ink-in-my-junk\folder to submit\2018s2_sp2_team11\source\solution\opengl1\release\studioproject2.tlog\cl.write.1.tlog
c:\users\user\desktop\git repos\ink-in-my-junk\folder to submit\2018s2_sp2_team11\source\solution\opengl1\release\studioproject2.tlog\link.command.1.tlog
c:\users\user\desktop\git repos\ink-in-my-junk\folder to submit\2018s2_sp2_team11\source\solution\opengl1\release\studioproject2.tlog\link.read.1.tlog
c:\users\user\desktop\git repos\ink-in-my-junk\folder to submit\2018s2_sp2_team11\source\solution\opengl1\release\studioproject2.tlog\link.write.1.tlog
