  Application.cpp
c:\users\codea\desktop\c++\comgassn1\opengl1\source\application.cpp(2): fatal error C1083: Cannot open include file: 'GL/glew.h': No such file or directory
  Camera.cpp
c:\users\codea\desktop\c++\comgassn1\opengl1\source\camera.h(4): fatal error C1083: Cannot open include file: 'Vector3.h': No such file or directory
  Camera2.cpp
c:\users\codea\desktop\c++\comgassn1\opengl1\source\camera.h(4): fatal error C1083: Cannot open include file: 'Vector3.h': No such file or directory
  Light.cpp
c:\users\codea\desktop\c++\comgassn1\opengl1\source\vertex.h(3): fatal error C1083: Cannot open include file: 'Vector3.h': No such file or directory
  main.cpp
c:\users\codea\desktop\c++\comgassn1\opengl1\source\application.h(4): fatal error C1083: Cannot open include file: 'timer.h': No such file or directory
  Mesh.cpp
c:\users\codea\desktop\c++\comgassn1\opengl1\source\vertex.h(3): fatal error C1083: Cannot open include file: 'Vector3.h': No such file or directory
  MeshBuilder.cpp
c:\users\codea\desktop\c++\comgassn1\opengl1\source\vertex.h(3): fatal error C1083: Cannot open include file: 'Vector3.h': No such file or directory
  Scene3.cpp
c:\users\codea\desktop\c++\comgassn1\opengl1\source\scene.h(4): fatal error C1083: Cannot open include file: 'Mtx44.h': No such file or directory
  Scene5.cpp
  SceneAssn1.cpp
c:\users\codea\desktop\c++\comgassn1\opengl1\source\scene.h(4): fatal error C1083: Cannot open include file: 'Mtx44.h': No such file or directory
  shader.cpp
c:\users\codea\desktop\c++\comgassn1\opengl1\source\shader.cpp(12): fatal error C1083: Cannot open include file: 'GL/glew.h': No such file or directory
  Utility.cpp
c:\users\codea\desktop\c++\comgassn1\opengl1\source\vertex.h(3): fatal error C1083: Cannot open include file: 'Vector3.h': No such file or directory
  Generating Code...
