<<<<<<< HEAD
d:\users\539\downloads\ink-in-my-junk\solution\common\debug\common.pdb
d:\users\539\downloads\ink-in-my-junk\solution\common\debug\common.idb
d:\users\539\downloads\ink-in-my-junk\solution\common\debug\vector3.obj
d:\users\539\downloads\ink-in-my-junk\solution\common\debug\timer.obj
d:\users\539\downloads\ink-in-my-junk\solution\common\debug\mtx44.obj
d:\users\539\downloads\ink-in-my-junk\solution\common\debug\matrixstack.obj
d:\users\539\downloads\ink-in-my-junk\solution\debug\common.lib
d:\users\539\downloads\ink-in-my-junk\solution\debug\common.pdb
d:\users\539\downloads\ink-in-my-junk\solution\common\debug\common.tlog\cl.command.1.tlog
d:\users\539\downloads\ink-in-my-junk\solution\common\debug\common.tlog\cl.read.1.tlog
d:\users\539\downloads\ink-in-my-junk\solution\common\debug\common.tlog\cl.write.1.tlog
d:\users\539\downloads\ink-in-my-junk\solution\common\debug\common.tlog\lib-link.read.1.tlog
d:\users\539\downloads\ink-in-my-junk\solution\common\debug\common.tlog\lib-link.write.1.tlog
d:\users\539\downloads\ink-in-my-junk\solution\common\debug\common.tlog\lib.command.1.tlog
=======
c:\users\user\desktop\git repos\ink-in-my-junk\solution\common\debug\common.pdb
c:\users\user\desktop\git repos\ink-in-my-junk\solution\common\debug\common.idb
c:\users\user\desktop\git repos\ink-in-my-junk\solution\common\debug\vector3.obj
c:\users\user\desktop\git repos\ink-in-my-junk\solution\common\debug\timer.obj
c:\users\user\desktop\git repos\ink-in-my-junk\solution\common\debug\mtx44.obj
c:\users\user\desktop\git repos\ink-in-my-junk\solution\common\debug\matrixstack.obj
c:\users\user\desktop\git repos\ink-in-my-junk\solution\debug\common.lib
c:\users\user\desktop\git repos\ink-in-my-junk\solution\debug\common.pdb
c:\users\user\desktop\git repos\ink-in-my-junk\solution\common\debug\common.tlog\cl.command.1.tlog
c:\users\user\desktop\git repos\ink-in-my-junk\solution\common\debug\common.tlog\cl.read.1.tlog
c:\users\user\desktop\git repos\ink-in-my-junk\solution\common\debug\common.tlog\cl.write.1.tlog
c:\users\user\desktop\git repos\ink-in-my-junk\solution\common\debug\common.tlog\lib-link.read.1.tlog
c:\users\user\desktop\git repos\ink-in-my-junk\solution\common\debug\common.tlog\lib-link.write.1.tlog
c:\users\user\desktop\git repos\ink-in-my-junk\solution\common\debug\common.tlog\lib.command.1.tlog
>>>>>>> 97dd7d48289e982684d4aa67d61cc6c5417338e9
