  Application.cpp
c:\program files (x86)\windows kits\10\include\10.0.17134.0\shared\minwindef.h(130): warning C4005: 'APIENTRY': macro redefinition
  c:\users\codea\desktop\sp2\solution\glfw\include\glfw\glfw3.h(98): note: see previous definition of 'APIENTRY'
  Button.cpp
  Camera.cpp
c:\users\codea\desktop\sp2\solution\opengl1\source\camera.cpp(16): warning C4244: 'argument': conversion from 'double' to 'float', possible loss of data
c:\users\codea\desktop\sp2\solution\opengl1\source\camera.cpp(30): warning C4244: 'argument': conversion from 'double' to 'float', possible loss of data
  Car.cpp
  FixedCam.cpp
  FreeCam.cpp
  GameObject.cpp
  Grid.cpp
c:\users\codea\desktop\sp2\solution\opengl1\source\grid.cpp(17): warning C4244: 'argument': conversion from 'int' to 'float', possible loss of data
  Light.cpp
  LoadOBJ.cpp
  LoadSceneButton.cpp
  Mesh.cpp
  MeshBuilder.cpp
  Paint.cpp
  Paintable.cpp
  GridCell.cpp
  RigidBody.cpp
c:\users\codea\desktop\sp2\solution\opengl1\source\rigidbody.cpp(69): warning C4244: 'initializing': conversion from 'float' to 'int', possible loss of data
c:\users\codea\desktop\sp2\solution\opengl1\source\rigidbody.cpp(99): warning C4244: '=': conversion from 'double' to 'float', possible loss of data
  Scene.cpp
c:\users\codea\desktop\sp2\solution\opengl1\source\scene.cpp(78): warning C4838: conversion from 'char' to 'unsigned char' requires a narrowing conversion
c:\users\codea\desktop\sp2\solution\opengl1\source\scene.cpp(376): warning C4244: 'argument': conversion from 'double' to 'float', possible loss of data
c:\users\codea\desktop\sp2\solution\opengl1\source\scene.cpp(387): warning C4244: '=': conversion from 'double' to 'unsigned int', possible loss of data
c:\users\codea\desktop\sp2\solution\opengl1\source\scene.cpp(767): warning C4244: '=': conversion from 'int' to 'float', possible loss of data
  SceneCustomisation.cpp
c:\users\codea\desktop\sp2\solution\opengl1\source\scenecustomisation.cpp(11): warning C4305: 'argument': truncation from 'double' to 'float'
c:\users\codea\desktop\sp2\solution\opengl1\source\scenecustomisation.cpp(100): warning C4305: 'argument': truncation from 'double' to 'float'
c:\users\codea\desktop\sp2\solution\opengl1\source\scenecustomisation.cpp(101): warning C4305: 'argument': truncation from 'double' to 'float'
c:\users\codea\desktop\sp2\solution\opengl1\source\scenecustomisation.cpp(105): warning C4305: 'argument': truncation from 'double' to 'float'
c:\users\codea\desktop\sp2\solution\opengl1\source\scenecustomisation.cpp(106): warning C4305: 'argument': truncation from 'double' to 'float'
c:\users\codea\desktop\sp2\solution\opengl1\source\scenecustomisation.cpp(116): warning C4305: 'argument': truncation from 'double' to 'float'
c:\users\codea\desktop\sp2\solution\opengl1\source\scenecustomisation.cpp(118): warning C4305: 'argument': truncation from 'double' to 'float'
  SceneEmpty.cpp
  Generating Code...
  Compiling...
  SceneExample.cpp
  SceneExampleCar.cpp
  SceneExampleCarInk.cpp
  SceneExampleFBO.cpp
  SceneExampleInk.cpp
  SceneLevel1.cpp
  SceneLevelSelect.cpp
  SceneManager.cpp
  SceneStart.cpp
c:\users\codea\desktop\sp2\solution\opengl1\source\scenestart.cpp(16): warning C4244: 'argument': conversion from 'double' to 'float', possible loss of data
c:\users\codea\desktop\sp2\solution\opengl1\source\scenestart.cpp(107): warning C4244: 'argument': conversion from 'double' to 'float', possible loss of data
  shader.cpp
  Utility.cpp
  Vehicle.cpp
c:\users\codea\desktop\sp2\solution\opengl1\source\vehicle.cpp(38): warning C4244: '=': conversion from 'double' to 'float', possible loss of data
c:\users\codea\desktop\sp2\solution\opengl1\source\vehicle.cpp(99): warning C4244: 'return': conversion from 'float' to 'int', possible loss of data
  Wheel.cpp
c:\users\codea\desktop\sp2\solution\opengl1\source\wheel.cpp(15): warning C4244: '=': conversion from 'double' to 'float', possible loss of data
  Generating Code...
LINK : warning LNK4098: defaultlib 'MSVCRT' conflicts with use of other libs; use /NODEFAULTLIB:library
  OpenGL1.vcxproj -> C:\Users\codea\Desktop\SP2\Solution\Debug\StudioProject2.exe
