d:\users\539\downloads\ink-in-my-junk\solution\opengl1\debug\vc141.pdb
d:\users\539\downloads\ink-in-my-junk\solution\opengl1\debug\vc141.idb
d:\users\539\downloads\ink-in-my-junk\solution\opengl1\debug\sceneexampleink.obj
d:\users\539\downloads\ink-in-my-junk\solution\opengl1\debug\sceneexamplecar.obj
d:\users\539\downloads\ink-in-my-junk\solution\opengl1\debug\sceneexample.obj
d:\users\539\downloads\ink-in-my-junk\solution\opengl1\debug\sceneempty.obj
d:\users\539\downloads\ink-in-my-junk\solution\opengl1\debug\scene.obj
d:\users\539\downloads\ink-in-my-junk\solution\opengl1\debug\rigidbody.obj
d:\users\539\downloads\ink-in-my-junk\solution\opengl1\debug\paintable.obj
d:\users\539\downloads\ink-in-my-junk\solution\opengl1\debug\meshbuilder.obj
d:\users\539\downloads\ink-in-my-junk\solution\opengl1\debug\mesh.obj
d:\users\539\downloads\ink-in-my-junk\solution\opengl1\debug\main.obj
d:\users\539\downloads\ink-in-my-junk\solution\opengl1\debug\loadtga.obj
d:\users\539\downloads\ink-in-my-junk\solution\opengl1\debug\loadscenebutton.obj
d:\users\539\downloads\ink-in-my-junk\solution\opengl1\debug\loadobj.obj
d:\users\539\downloads\ink-in-my-junk\solution\opengl1\debug\light.obj
d:\users\539\downloads\ink-in-my-junk\solution\opengl1\debug\gameobject.obj
d:\users\539\downloads\ink-in-my-junk\solution\opengl1\debug\freecam.obj
d:\users\539\downloads\ink-in-my-junk\solution\opengl1\debug\fixedcam.obj
d:\users\539\downloads\ink-in-my-junk\solution\opengl1\debug\camera.obj
d:\users\539\downloads\ink-in-my-junk\solution\opengl1\debug\button.obj
d:\users\539\downloads\ink-in-my-junk\solution\opengl1\debug\application.obj
d:\users\539\downloads\ink-in-my-junk\solution\opengl1\debug\vehicle.obj
d:\users\539\downloads\ink-in-my-junk\solution\opengl1\debug\utility.obj
d:\users\539\downloads\ink-in-my-junk\solution\opengl1\debug\shader.obj
d:\users\539\downloads\ink-in-my-junk\solution\opengl1\debug\scenestart.obj
d:\users\539\downloads\ink-in-my-junk\solution\opengl1\debug\scenemanager.obj
d:\users\539\downloads\ink-in-my-junk\solution\opengl1\debug\scenelevelselect.obj
d:\users\539\downloads\ink-in-my-junk\solution\opengl1\debug\scenecustomisation.obj
d:\users\539\downloads\ink-in-my-junk\solution\debug\studioproject2.exe
d:\users\539\downloads\ink-in-my-junk\solution\debug\studioproject2.ilk
d:\users\539\downloads\ink-in-my-junk\solution\debug\studioproject2.pdb
d:\users\539\downloads\ink-in-my-junk\solution\opengl1\debug\camera1.obj
d:\users\539\downloads\ink-in-my-junk\solution\opengl1\debug\camera2.obj
d:\users\539\downloads\ink-in-my-junk\solution\opengl1\debug\car.obj
d:\users\539\downloads\ink-in-my-junk\solution\opengl1\debug\wheel.obj
d:\users\539\downloads\ink-in-my-junk\solution\opengl1\debug\studioproject2.tlog\cl.command.1.tlog
d:\users\539\downloads\ink-in-my-junk\solution\opengl1\debug\studioproject2.tlog\cl.read.1.tlog
d:\users\539\downloads\ink-in-my-junk\solution\opengl1\debug\studioproject2.tlog\cl.write.1.tlog
d:\users\539\downloads\ink-in-my-junk\solution\opengl1\debug\studioproject2.tlog\link.command.1.tlog
d:\users\539\downloads\ink-in-my-junk\solution\opengl1\debug\studioproject2.tlog\link.read.1.tlog
d:\users\539\downloads\ink-in-my-junk\solution\opengl1\debug\studioproject2.tlog\link.write.1.tlog
